2019-04-29 23:35:43 INFO bicepBuddyPackage.Master <clinit> :: Beginning Swing App
2019-04-29 23:35:44 INFO bicepBuddyPackage.Master getInstance :: Loading Master Frame
2019-04-29 23:36:25 INFO User.UserController validateSignup :: User's signup information was accepted.
2019-04-29 23:36:26 INFO User.UserController getInstance :: Instantiating instance of UserController.
2019-04-29 23:36:26 INFO User.UserController getAllNotifications :: Getting all notifications for a
2019-04-29 23:36:33 INFO User.UserController getAllNotifications :: Getting all notifications for a
2019-04-29 23:36:36 INFO User.UserController populateUserMatchesArray :: Updating user matches array.
2019-04-29 23:36:37 INFO Matching.MatchGUI <init> :: Match generation called by MatchGUI
2019-04-29 23:36:37 INFO User.UserController getUsersByGender :: Retrieving users by gender: Female
2019-04-29 23:36:37 INFO Matching.MatchController createMatch :: Match generated with id 5cc7d0d58554b0748e75074c
2019-04-29 23:36:37 INFO Matching.MatchController generateMatches :: Matches generated from algorithm and added to idle
2019-04-29 23:36:37 INFO Matching.MatchGUI setCurrentMatch :: Currently shown match updated
2019-04-29 23:36:38 INFO User.UserController onlyGetUserById :: Getting user Name2 LName2 from DB WITHOUT their match info.
2019-04-29 23:36:39 INFO User.UserController getAllUsers :: Retrieving all users from the DB.
2019-04-29 23:36:39 INFO User.UserController getAllUsers :: Retrieving all users from the DB.
2019-04-29 23:36:40 INFO Matching.MatchGUI <init> :: Match generation called by MatchGUI
2019-04-29 23:36:40 INFO Matching.MatchGUI setCurrentMatch :: Currently shown match updated
2019-04-29 23:36:40 INFO User.UserController onlyGetUserById :: Getting user Name2 LName2 from DB WITHOUT their match info.
2019-04-29 23:36:42 INFO Matching.MatchGUI <init> :: Match generation called by MatchGUI
2019-04-29 23:36:42 INFO Matching.MatchGUI setCurrentMatch :: Currently shown match updated
2019-04-29 23:36:42 INFO User.UserController onlyGetUserById :: Getting user Name2 LName2 from DB WITHOUT their match info.
2019-04-29 23:36:45 INFO Matching.MatchGUI <init> :: Match generation called by MatchGUI
2019-04-29 23:36:45 INFO Matching.MatchGUI setCurrentMatch :: Currently shown match updated
2019-04-29 23:36:45 INFO User.UserController onlyGetUserById :: Getting user Name2 LName2 from DB WITHOUT their match info.
2019-04-29 23:36:46 INFO Matching.MatchGUI <init> :: Match generation called by MatchGUI
2019-04-29 23:36:46 INFO Matching.MatchGUI setCurrentMatch :: Currently shown match updated
2019-04-29 23:36:46 INFO User.UserController onlyGetUserById :: Getting user Name2 LName2 from DB WITHOUT their match info.
2019-04-29 23:36:49 INFO Matching.MatchGUI <init> :: Match generation called by MatchGUI
2019-04-29 23:36:49 INFO User.UserController getUsersByGender :: Retrieving users by gender: Female
2019-04-29 23:36:50 INFO Matching.MatchController createMatch :: Match generated with id 5cc7d0e18554b0748e75074d
2019-04-29 23:36:50 INFO Matching.MatchController generateMatches :: Matches generated from algorithm and added to idle
2019-04-29 23:36:50 INFO Matching.MatchGUI setCurrentMatch :: Currently shown match updated
2019-04-29 23:36:50 INFO User.UserController onlyGetUserById :: Getting user Name2 LName2 from DB WITHOUT their match info.
2019-04-29 23:36:51 INFO User.UserController getAllUsers :: Retrieving all users from the DB.
2019-04-29 23:36:51 INFO User.UserController getAllUsers :: Retrieving all users from the DB.
2019-04-29 23:36:52 INFO Matching.MatchGUI <init> :: Match generation called by MatchGUI
2019-04-29 23:36:52 INFO Matching.MatchGUI setCurrentMatch :: Currently shown match updated
2019-04-29 23:36:52 INFO User.UserController onlyGetUserById :: Getting user Name2 LName2 from DB WITHOUT their match info.
2019-04-29 23:36:57 INFO User.UserController getAllUsers :: Retrieving all users from the DB.
2019-04-29 23:36:57 INFO User.UserController getAllUsers :: Retrieving all users from the DB.
2019-04-29 23:37:04 INFO Matching.MatchController directMatch :: Direct Match
